<?xml version="1.0" encoding="UTF-8"?>
<testsuite xmlns:xsi="http://www.w3.org/2001/XMLSchema-instance" xsi:noNamespaceSchemaLocation="https://maven.apache.org/surefire/maven-surefire-plugin/xsd/surefire-test-report-3.0.xsd" version="3.0" name="com.gauthiii.health.patient_system.PatientSystemApplicationTests" time="1.613" tests="1" errors="0" skipped="0" failures="0">
  <properties>
    <property name="java.specification.version" value="17"/>
    <property name="sun.jnu.encoding" value="UTF-8"/>
    <property name="java.class.path" value="/Users/gauthamsmacbook/Apps/Springboot Apps/patient-system/target/test-classes:/Users/gauthamsmacbook/Apps/Springboot Apps/patient-system/target/classes:/Users/gauthamsmacbook/.m2/repository/org/springdoc/springdoc-openapi-starter-webmvc-ui/2.5.0/springdoc-openapi-starter-webmvc-ui-2.5.0.jar:/Users/gauthamsmacbook/.m2/repository/org/springdoc/springdoc-openapi-starter-webmvc-api/2.5.0/springdoc-openapi-starter-webmvc-api-2.5.0.jar:/Users/gauthamsmacbook/.m2/repository/org/springdoc/springdoc-openapi-starter-common/2.5.0/springdoc-openapi-starter-common-2.5.0.jar:/Users/gauthamsmacbook/.m2/repository/io/swagger/core/v3/swagger-core-jakarta/2.2.21/swagger-core-jakarta-2.2.21.jar:/Users/gauthamsmacbook/.m2/repository/org/apache/commons/commons-lang3/3.14.0/commons-lang3-3.14.0.jar:/Users/gauthamsmacbook/.m2/repository/io/swagger/core/v3/swagger-annotations-jakarta/2.2.21/swagger-annotations-jakarta-2.2.21.jar:/Users/gauthamsmacbook/.m2/repository/io/swagger/core/v3/swagger-models-jakarta/2.2.21/swagger-models-jakarta-2.2.21.jar:/Users/gauthamsmacbook/.m2/repository/jakarta/validation/jakarta.validation-api/3.0.2/jakarta.validation-api-3.0.2.jar:/Users/gauthamsmacbook/.m2/repository/com/fasterxml/jackson/dataformat/jackson-dataformat-yaml/2.17.1/jackson-dataformat-yaml-2.17.1.jar:/Users/gauthamsmacbook/.m2/repository/org/webjars/swagger-ui/5.13.0/swagger-ui-5.13.0.jar:/Users/gauthamsmacbook/.m2/repository/org/springframework/boot/spring-boot-starter-security/3.3.0/spring-boot-starter-security-3.3.0.jar:/Users/gauthamsmacbook/.m2/repository/org/springframework/boot/spring-boot-starter/3.3.0/spring-boot-starter-3.3.0.jar:/Users/gauthamsmacbook/.m2/repository/org/springframework/boot/spring-boot-starter-logging/3.3.0/spring-boot-starter-logging-3.3.0.jar:/Users/gauthamsmacbook/.m2/repository/ch/qos/logback/logback-classic/1.5.6/logback-classic-1.5.6.jar:/Users/gauthamsmacbook/.m2/repository/ch/qos/logback/logback-core/1.5.6/logback-core-1.5.6.jar:/Users/gauthamsmacbook/.m2/repository/org/apache/logging/log4j/log4j-to-slf4j/2.23.1/log4j-to-slf4j-2.23.1.jar:/Users/gauthamsmacbook/.m2/repository/org/apache/logging/log4j/log4j-api/2.23.1/log4j-api-2.23.1.jar:/Users/gauthamsmacbook/.m2/repository/org/slf4j/jul-to-slf4j/2.0.13/jul-to-slf4j-2.0.13.jar:/Users/gauthamsmacbook/.m2/repository/jakarta/annotation/jakarta.annotation-api/2.1.1/jakarta.annotation-api-2.1.1.jar:/Users/gauthamsmacbook/.m2/repository/org/yaml/snakeyaml/2.2/snakeyaml-2.2.jar:/Users/gauthamsmacbook/.m2/repository/org/springframework/spring-aop/6.1.8/spring-aop-6.1.8.jar:/Users/gauthamsmacbook/.m2/repository/org/springframework/spring-beans/6.1.8/spring-beans-6.1.8.jar:/Users/gauthamsmacbook/.m2/repository/org/springframework/security/spring-security-config/6.3.0/spring-security-config-6.3.0.jar:/Users/gauthamsmacbook/.m2/repository/org/springframework/spring-context/6.1.8/spring-context-6.1.8.jar:/Users/gauthamsmacbook/.m2/repository/org/springframework/security/spring-security-web/6.3.0/spring-security-web-6.3.0.jar:/Users/gauthamsmacbook/.m2/repository/org/springframework/spring-expression/6.1.8/spring-expression-6.1.8.jar:/Users/gauthamsmacbook/.m2/repository/org/springframework/boot/spring-boot-devtools/3.3.0/spring-boot-devtools-3.3.0.jar:/Users/gauthamsmacbook/.m2/repository/org/springframework/boot/spring-boot/3.3.0/spring-boot-3.3.0.jar:/Users/gauthamsmacbook/.m2/repository/org/springframework/boot/spring-boot-autoconfigure/3.3.0/spring-boot-autoconfigure-3.3.0.jar:/Users/gauthamsmacbook/.m2/repository/org/springframework/boot/spring-boot-starter-data-mongodb/3.3.0/spring-boot-starter-data-mongodb-3.3.0.jar:/Users/gauthamsmacbook/.m2/repository/org/mongodb/mongodb-driver-sync/5.0.1/mongodb-driver-sync-5.0.1.jar:/Users/gauthamsmacbook/.m2/repository/org/mongodb/bson/5.0.1/bson-5.0.1.jar:/Users/gauthamsmacbook/.m2/repository/org/mongodb/mongodb-driver-core/5.0.1/mongodb-driver-core-5.0.1.jar:/Users/gauthamsmacbook/.m2/repository/org/mongodb/bson-record-codec/5.0.1/bson-record-codec-5.0.1.jar:/Users/gauthamsmacbook/.m2/repository/org/springframework/data/spring-data-mongodb/4.3.0/spring-data-mongodb-4.3.0.jar:/Users/gauthamsmacbook/.m2/repository/org/springframework/spring-tx/6.1.8/spring-tx-6.1.8.jar:/Users/gauthamsmacbook/.m2/repository/org/springframework/data/spring-data-commons/3.3.0/spring-data-commons-3.3.0.jar:/Users/gauthamsmacbook/.m2/repository/org/slf4j/slf4j-api/2.0.13/slf4j-api-2.0.13.jar:/Users/gauthamsmacbook/.m2/repository/org/springframework/boot/spring-boot-starter-web/3.3.0/spring-boot-starter-web-3.3.0.jar:/Users/gauthamsmacbook/.m2/repository/org/springframework/boot/spring-boot-starter-json/3.3.0/spring-boot-starter-json-3.3.0.jar:/Users/gauthamsmacbook/.m2/repository/com/fasterxml/jackson/core/jackson-databind/2.17.1/jackson-databind-2.17.1.jar:/Users/gauthamsmacbook/.m2/repository/com/fasterxml/jackson/core/jackson-annotations/2.17.1/jackson-annotations-2.17.1.jar:/Users/gauthamsmacbook/.m2/repository/com/fasterxml/jackson/core/jackson-core/2.17.1/jackson-core-2.17.1.jar:/Users/gauthamsmacbook/.m2/repository/com/fasterxml/jackson/datatype/jackson-datatype-jdk8/2.17.1/jackson-datatype-jdk8-2.17.1.jar:/Users/gauthamsmacbook/.m2/repository/com/fasterxml/jackson/datatype/jackson-datatype-jsr310/2.17.1/jackson-datatype-jsr310-2.17.1.jar:/Users/gauthamsmacbook/.m2/repository/com/fasterxml/jackson/module/jackson-module-parameter-names/2.17.1/jackson-module-parameter-names-2.17.1.jar:/Users/gauthamsmacbook/.m2/repository/org/springframework/boot/spring-boot-starter-tomcat/3.3.0/spring-boot-starter-tomcat-3.3.0.jar:/Users/gauthamsmacbook/.m2/repository/org/apache/tomcat/embed/tomcat-embed-core/10.1.24/tomcat-embed-core-10.1.24.jar:/Users/gauthamsmacbook/.m2/repository/org/apache/tomcat/embed/tomcat-embed-el/10.1.24/tomcat-embed-el-10.1.24.jar:/Users/gauthamsmacbook/.m2/repository/org/apache/tomcat/embed/tomcat-embed-websocket/10.1.24/tomcat-embed-websocket-10.1.24.jar:/Users/gauthamsmacbook/.m2/repository/org/springframework/spring-web/6.1.8/spring-web-6.1.8.jar:/Users/gauthamsmacbook/.m2/repository/io/micrometer/micrometer-observation/1.13.0/micrometer-observation-1.13.0.jar:/Users/gauthamsmacbook/.m2/repository/io/micrometer/micrometer-commons/1.13.0/micrometer-commons-1.13.0.jar:/Users/gauthamsmacbook/.m2/repository/org/springframework/spring-webmvc/6.1.8/spring-webmvc-6.1.8.jar:/Users/gauthamsmacbook/.m2/repository/org/springframework/boot/spring-boot-starter-test/3.3.0/spring-boot-starter-test-3.3.0.jar:/Users/gauthamsmacbook/.m2/repository/org/springframework/boot/spring-boot-test/3.3.0/spring-boot-test-3.3.0.jar:/Users/gauthamsmacbook/.m2/repository/org/springframework/boot/spring-boot-test-autoconfigure/3.3.0/spring-boot-test-autoconfigure-3.3.0.jar:/Users/gauthamsmacbook/.m2/repository/com/jayway/jsonpath/json-path/2.9.0/json-path-2.9.0.jar:/Users/gauthamsmacbook/.m2/repository/jakarta/xml/bind/jakarta.xml.bind-api/4.0.2/jakarta.xml.bind-api-4.0.2.jar:/Users/gauthamsmacbook/.m2/repository/jakarta/activation/jakarta.activation-api/2.1.3/jakarta.activation-api-2.1.3.jar:/Users/gauthamsmacbook/.m2/repository/net/minidev/json-smart/2.5.1/json-smart-2.5.1.jar:/Users/gauthamsmacbook/.m2/repository/net/minidev/accessors-smart/2.5.1/accessors-smart-2.5.1.jar:/Users/gauthamsmacbook/.m2/repository/org/ow2/asm/asm/9.6/asm-9.6.jar:/Users/gauthamsmacbook/.m2/repository/org/assertj/assertj-core/3.25.3/assertj-core-3.25.3.jar:/Users/gauthamsmacbook/.m2/repository/net/bytebuddy/byte-buddy/1.14.16/byte-buddy-1.14.16.jar:/Users/gauthamsmacbook/.m2/repository/org/awaitility/awaitility/4.2.1/awaitility-4.2.1.jar:/Users/gauthamsmacbook/.m2/repository/org/hamcrest/hamcrest/2.2/hamcrest-2.2.jar:/Users/gauthamsmacbook/.m2/repository/org/junit/jupiter/junit-jupiter/5.10.2/junit-jupiter-5.10.2.jar:/Users/gauthamsmacbook/.m2/repository/org/junit/jupiter/junit-jupiter-api/5.10.2/junit-jupiter-api-5.10.2.jar:/Users/gauthamsmacbook/.m2/repository/org/opentest4j/opentest4j/1.3.0/opentest4j-1.3.0.jar:/Users/gauthamsmacbook/.m2/repository/org/junit/platform/junit-platform-commons/1.10.2/junit-platform-commons-1.10.2.jar:/Users/gauthamsmacbook/.m2/repository/org/apiguardian/apiguardian-api/1.1.2/apiguardian-api-1.1.2.jar:/Users/gauthamsmacbook/.m2/repository/org/junit/jupiter/junit-jupiter-params/5.10.2/junit-jupiter-params-5.10.2.jar:/Users/gauthamsmacbook/.m2/repository/org/junit/jupiter/junit-jupiter-engine/5.10.2/junit-jupiter-engine-5.10.2.jar:/Users/gauthamsmacbook/.m2/repository/org/junit/platform/junit-platform-engine/1.10.2/junit-platform-engine-1.10.2.jar:/Users/gauthamsmacbook/.m2/repository/org/mockito/mockito-core/5.11.0/mockito-core-5.11.0.jar:/Users/gauthamsmacbook/.m2/repository/net/bytebuddy/byte-buddy-agent/1.14.16/byte-buddy-agent-1.14.16.jar:/Users/gauthamsmacbook/.m2/repository/org/objenesis/objenesis/3.3/objenesis-3.3.jar:/Users/gauthamsmacbook/.m2/repository/org/mockito/mockito-junit-jupiter/5.11.0/mockito-junit-jupiter-5.11.0.jar:/Users/gauthamsmacbook/.m2/repository/org/skyscreamer/jsonassert/1.5.1/jsonassert-1.5.1.jar:/Users/gauthamsmacbook/.m2/repository/com/vaadin/external/google/android-json/0.0.20131108.vaadin1/android-json-0.0.20131108.vaadin1.jar:/Users/gauthamsmacbook/.m2/repository/org/springframework/spring-core/6.1.8/spring-core-6.1.8.jar:/Users/gauthamsmacbook/.m2/repository/org/springframework/spring-jcl/6.1.8/spring-jcl-6.1.8.jar:/Users/gauthamsmacbook/.m2/repository/org/springframework/spring-test/6.1.8/spring-test-6.1.8.jar:/Users/gauthamsmacbook/.m2/repository/org/xmlunit/xmlunit-core/2.9.1/xmlunit-core-2.9.1.jar:/Users/gauthamsmacbook/.m2/repository/org/springframework/security/spring-security-test/6.3.0/spring-security-test-6.3.0.jar:/Users/gauthamsmacbook/.m2/repository/org/springframework/security/spring-security-core/6.3.0/spring-security-core-6.3.0.jar:/Users/gauthamsmacbook/.m2/repository/org/springframework/security/spring-security-crypto/6.3.0/spring-security-crypto-6.3.0.jar:"/>
    <property name="java.vm.vendor" value="Oracle Corporation"/>
    <property name="sun.arch.data.model" value="64"/>
    <property name="java.vendor.url" value="https://java.oracle.com/"/>
    <property name="user.timezone" value="Asia/Kolkata"/>
    <property name="os.name" value="Mac OS X"/>
    <property name="java.vm.specification.version" value="17"/>
    <property name="sun.java.launcher" value="SUN_STANDARD"/>
    <property name="user.country" value="US"/>
    <property name="sun.boot.library.path" value="/Library/Java/JavaVirtualMachines/jdk-17.jdk/Contents/Home/lib"/>
    <property name="sun.java.command" value="/Users/gauthamsmacbook/Apps/Springboot Apps/patient-system/target/surefire/surefirebooter-20240708002700295_3.jar /Users/gauthamsmacbook/Apps/Springboot Apps/patient-system/target/surefire 2024-07-08T00-27-00_252-jvmRun1 surefire-20240708002700295_1tmp surefire_0-20240708002700295_2tmp"/>
    <property name="http.nonProxyHosts" value="local|*.local|169.254/16|*.169.254/16"/>
    <property name="jdk.debug" value="release"/>
    <property name="surefire.test.class.path" value="/Users/gauthamsmacbook/Apps/Springboot Apps/patient-system/target/test-classes:/Users/gauthamsmacbook/Apps/Springboot Apps/patient-system/target/classes:/Users/gauthamsmacbook/.m2/repository/org/springdoc/springdoc-openapi-starter-webmvc-ui/2.5.0/springdoc-openapi-starter-webmvc-ui-2.5.0.jar:/Users/gauthamsmacbook/.m2/repository/org/springdoc/springdoc-openapi-starter-webmvc-api/2.5.0/springdoc-openapi-starter-webmvc-api-2.5.0.jar:/Users/gauthamsmacbook/.m2/repository/org/springdoc/springdoc-openapi-starter-common/2.5.0/springdoc-openapi-starter-common-2.5.0.jar:/Users/gauthamsmacbook/.m2/repository/io/swagger/core/v3/swagger-core-jakarta/2.2.21/swagger-core-jakarta-2.2.21.jar:/Users/gauthamsmacbook/.m2/repository/org/apache/commons/commons-lang3/3.14.0/commons-lang3-3.14.0.jar:/Users/gauthamsmacbook/.m2/repository/io/swagger/core/v3/swagger-annotations-jakarta/2.2.21/swagger-annotations-jakarta-2.2.21.jar:/Users/gauthamsmacbook/.m2/repository/io/swagger/core/v3/swagger-models-jakarta/2.2.21/swagger-models-jakarta-2.2.21.jar:/Users/gauthamsmacbook/.m2/repository/jakarta/validation/jakarta.validation-api/3.0.2/jakarta.validation-api-3.0.2.jar:/Users/gauthamsmacbook/.m2/repository/com/fasterxml/jackson/dataformat/jackson-dataformat-yaml/2.17.1/jackson-dataformat-yaml-2.17.1.jar:/Users/gauthamsmacbook/.m2/repository/org/webjars/swagger-ui/5.13.0/swagger-ui-5.13.0.jar:/Users/gauthamsmacbook/.m2/repository/org/springframework/boot/spring-boot-starter-security/3.3.0/spring-boot-starter-security-3.3.0.jar:/Users/gauthamsmacbook/.m2/repository/org/springframework/boot/spring-boot-starter/3.3.0/spring-boot-starter-3.3.0.jar:/Users/gauthamsmacbook/.m2/repository/org/springframework/boot/spring-boot-starter-logging/3.3.0/spring-boot-starter-logging-3.3.0.jar:/Users/gauthamsmacbook/.m2/repository/ch/qos/logback/logback-classic/1.5.6/logback-classic-1.5.6.jar:/Users/gauthamsmacbook/.m2/repository/ch/qos/logback/logback-core/1.5.6/logback-core-1.5.6.jar:/Users/gauthamsmacbook/.m2/repository/org/apache/logging/log4j/log4j-to-slf4j/2.23.1/log4j-to-slf4j-2.23.1.jar:/Users/gauthamsmacbook/.m2/repository/org/apache/logging/log4j/log4j-api/2.23.1/log4j-api-2.23.1.jar:/Users/gauthamsmacbook/.m2/repository/org/slf4j/jul-to-slf4j/2.0.13/jul-to-slf4j-2.0.13.jar:/Users/gauthamsmacbook/.m2/repository/jakarta/annotation/jakarta.annotation-api/2.1.1/jakarta.annotation-api-2.1.1.jar:/Users/gauthamsmacbook/.m2/repository/org/yaml/snakeyaml/2.2/snakeyaml-2.2.jar:/Users/gauthamsmacbook/.m2/repository/org/springframework/spring-aop/6.1.8/spring-aop-6.1.8.jar:/Users/gauthamsmacbook/.m2/repository/org/springframework/spring-beans/6.1.8/spring-beans-6.1.8.jar:/Users/gauthamsmacbook/.m2/repository/org/springframework/security/spring-security-config/6.3.0/spring-security-config-6.3.0.jar:/Users/gauthamsmacbook/.m2/repository/org/springframework/spring-context/6.1.8/spring-context-6.1.8.jar:/Users/gauthamsmacbook/.m2/repository/org/springframework/security/spring-security-web/6.3.0/spring-security-web-6.3.0.jar:/Users/gauthamsmacbook/.m2/repository/org/springframework/spring-expression/6.1.8/spring-expression-6.1.8.jar:/Users/gauthamsmacbook/.m2/repository/org/springframework/boot/spring-boot-devtools/3.3.0/spring-boot-devtools-3.3.0.jar:/Users/gauthamsmacbook/.m2/repository/org/springframework/boot/spring-boot/3.3.0/spring-boot-3.3.0.jar:/Users/gauthamsmacbook/.m2/repository/org/springframework/boot/spring-boot-autoconfigure/3.3.0/spring-boot-autoconfigure-3.3.0.jar:/Users/gauthamsmacbook/.m2/repository/org/springframework/boot/spring-boot-starter-data-mongodb/3.3.0/spring-boot-starter-data-mongodb-3.3.0.jar:/Users/gauthamsmacbook/.m2/repository/org/mongodb/mongodb-driver-sync/5.0.1/mongodb-driver-sync-5.0.1.jar:/Users/gauthamsmacbook/.m2/repository/org/mongodb/bson/5.0.1/bson-5.0.1.jar:/Users/gauthamsmacbook/.m2/repository/org/mongodb/mongodb-driver-core/5.0.1/mongodb-driver-core-5.0.1.jar:/Users/gauthamsmacbook/.m2/repository/org/mongodb/bson-record-codec/5.0.1/bson-record-codec-5.0.1.jar:/Users/gauthamsmacbook/.m2/repository/org/springframework/data/spring-data-mongodb/4.3.0/spring-data-mongodb-4.3.0.jar:/Users/gauthamsmacbook/.m2/repository/org/springframework/spring-tx/6.1.8/spring-tx-6.1.8.jar:/Users/gauthamsmacbook/.m2/repository/org/springframework/data/spring-data-commons/3.3.0/spring-data-commons-3.3.0.jar:/Users/gauthamsmacbook/.m2/repository/org/slf4j/slf4j-api/2.0.13/slf4j-api-2.0.13.jar:/Users/gauthamsmacbook/.m2/repository/org/springframework/boot/spring-boot-starter-web/3.3.0/spring-boot-starter-web-3.3.0.jar:/Users/gauthamsmacbook/.m2/repository/org/springframework/boot/spring-boot-starter-json/3.3.0/spring-boot-starter-json-3.3.0.jar:/Users/gauthamsmacbook/.m2/repository/com/fasterxml/jackson/core/jackson-databind/2.17.1/jackson-databind-2.17.1.jar:/Users/gauthamsmacbook/.m2/repository/com/fasterxml/jackson/core/jackson-annotations/2.17.1/jackson-annotations-2.17.1.jar:/Users/gauthamsmacbook/.m2/repository/com/fasterxml/jackson/core/jackson-core/2.17.1/jackson-core-2.17.1.jar:/Users/gauthamsmacbook/.m2/repository/com/fasterxml/jackson/datatype/jackson-datatype-jdk8/2.17.1/jackson-datatype-jdk8-2.17.1.jar:/Users/gauthamsmacbook/.m2/repository/com/fasterxml/jackson/datatype/jackson-datatype-jsr310/2.17.1/jackson-datatype-jsr310-2.17.1.jar:/Users/gauthamsmacbook/.m2/repository/com/fasterxml/jackson/module/jackson-module-parameter-names/2.17.1/jackson-module-parameter-names-2.17.1.jar:/Users/gauthamsmacbook/.m2/repository/org/springframework/boot/spring-boot-starter-tomcat/3.3.0/spring-boot-starter-tomcat-3.3.0.jar:/Users/gauthamsmacbook/.m2/repository/org/apache/tomcat/embed/tomcat-embed-core/10.1.24/tomcat-embed-core-10.1.24.jar:/Users/gauthamsmacbook/.m2/repository/org/apache/tomcat/embed/tomcat-embed-el/10.1.24/tomcat-embed-el-10.1.24.jar:/Users/gauthamsmacbook/.m2/repository/org/apache/tomcat/embed/tomcat-embed-websocket/10.1.24/tomcat-embed-websocket-10.1.24.jar:/Users/gauthamsmacbook/.m2/repository/org/springframework/spring-web/6.1.8/spring-web-6.1.8.jar:/Users/gauthamsmacbook/.m2/repository/io/micrometer/micrometer-observation/1.13.0/micrometer-observation-1.13.0.jar:/Users/gauthamsmacbook/.m2/repository/io/micrometer/micrometer-commons/1.13.0/micrometer-commons-1.13.0.jar:/Users/gauthamsmacbook/.m2/repository/org/springframework/spring-webmvc/6.1.8/spring-webmvc-6.1.8.jar:/Users/gauthamsmacbook/.m2/repository/org/springframework/boot/spring-boot-starter-test/3.3.0/spring-boot-starter-test-3.3.0.jar:/Users/gauthamsmacbook/.m2/repository/org/springframework/boot/spring-boot-test/3.3.0/spring-boot-test-3.3.0.jar:/Users/gauthamsmacbook/.m2/repository/org/springframework/boot/spring-boot-test-autoconfigure/3.3.0/spring-boot-test-autoconfigure-3.3.0.jar:/Users/gauthamsmacbook/.m2/repository/com/jayway/jsonpath/json-path/2.9.0/json-path-2.9.0.jar:/Users/gauthamsmacbook/.m2/repository/jakarta/xml/bind/jakarta.xml.bind-api/4.0.2/jakarta.xml.bind-api-4.0.2.jar:/Users/gauthamsmacbook/.m2/repository/jakarta/activation/jakarta.activation-api/2.1.3/jakarta.activation-api-2.1.3.jar:/Users/gauthamsmacbook/.m2/repository/net/minidev/json-smart/2.5.1/json-smart-2.5.1.jar:/Users/gauthamsmacbook/.m2/repository/net/minidev/accessors-smart/2.5.1/accessors-smart-2.5.1.jar:/Users/gauthamsmacbook/.m2/repository/org/ow2/asm/asm/9.6/asm-9.6.jar:/Users/gauthamsmacbook/.m2/repository/org/assertj/assertj-core/3.25.3/assertj-core-3.25.3.jar:/Users/gauthamsmacbook/.m2/repository/net/bytebuddy/byte-buddy/1.14.16/byte-buddy-1.14.16.jar:/Users/gauthamsmacbook/.m2/repository/org/awaitility/awaitility/4.2.1/awaitility-4.2.1.jar:/Users/gauthamsmacbook/.m2/repository/org/hamcrest/hamcrest/2.2/hamcrest-2.2.jar:/Users/gauthamsmacbook/.m2/repository/org/junit/jupiter/junit-jupiter/5.10.2/junit-jupiter-5.10.2.jar:/Users/gauthamsmacbook/.m2/repository/org/junit/jupiter/junit-jupiter-api/5.10.2/junit-jupiter-api-5.10.2.jar:/Users/gauthamsmacbook/.m2/repository/org/opentest4j/opentest4j/1.3.0/opentest4j-1.3.0.jar:/Users/gauthamsmacbook/.m2/repository/org/junit/platform/junit-platform-commons/1.10.2/junit-platform-commons-1.10.2.jar:/Users/gauthamsmacbook/.m2/repository/org/apiguardian/apiguardian-api/1.1.2/apiguardian-api-1.1.2.jar:/Users/gauthamsmacbook/.m2/repository/org/junit/jupiter/junit-jupiter-params/5.10.2/junit-jupiter-params-5.10.2.jar:/Users/gauthamsmacbook/.m2/repository/org/junit/jupiter/junit-jupiter-engine/5.10.2/junit-jupiter-engine-5.10.2.jar:/Users/gauthamsmacbook/.m2/repository/org/junit/platform/junit-platform-engine/1.10.2/junit-platform-engine-1.10.2.jar:/Users/gauthamsmacbook/.m2/repository/org/mockito/mockito-core/5.11.0/mockito-core-5.11.0.jar:/Users/gauthamsmacbook/.m2/repository/net/bytebuddy/byte-buddy-agent/1.14.16/byte-buddy-agent-1.14.16.jar:/Users/gauthamsmacbook/.m2/repository/org/objenesis/objenesis/3.3/objenesis-3.3.jar:/Users/gauthamsmacbook/.m2/repository/org/mockito/mockito-junit-jupiter/5.11.0/mockito-junit-jupiter-5.11.0.jar:/Users/gauthamsmacbook/.m2/repository/org/skyscreamer/jsonassert/1.5.1/jsonassert-1.5.1.jar:/Users/gauthamsmacbook/.m2/repository/com/vaadin/external/google/android-json/0.0.20131108.vaadin1/android-json-0.0.20131108.vaadin1.jar:/Users/gauthamsmacbook/.m2/repository/org/springframework/spring-core/6.1.8/spring-core-6.1.8.jar:/Users/gauthamsmacbook/.m2/repository/org/springframework/spring-jcl/6.1.8/spring-jcl-6.1.8.jar:/Users/gauthamsmacbook/.m2/repository/org/springframework/spring-test/6.1.8/spring-test-6.1.8.jar:/Users/gauthamsmacbook/.m2/repository/org/xmlunit/xmlunit-core/2.9.1/xmlunit-core-2.9.1.jar:/Users/gauthamsmacbook/.m2/repository/org/springframework/security/spring-security-test/6.3.0/spring-security-test-6.3.0.jar:/Users/gauthamsmacbook/.m2/repository/org/springframework/security/spring-security-core/6.3.0/spring-security-core-6.3.0.jar:/Users/gauthamsmacbook/.m2/repository/org/springframework/security/spring-security-crypto/6.3.0/spring-security-crypto-6.3.0.jar:"/>
    <property name="sun.cpu.endian" value="little"/>
    <property name="user.home" value="/Users/gauthamsmacbook"/>
    <property name="user.language" value="en"/>
    <property name="java.specification.vendor" value="Oracle Corporation"/>
    <property name="java.version.date" value="2023-10-17"/>
    <property name="java.home" value="/Library/Java/JavaVirtualMachines/jdk-17.jdk/Contents/Home"/>
    <property name="file.separator" value="/"/>
    <property name="basedir" value="/Users/gauthamsmacbook/Apps/Springboot Apps/patient-system"/>
    <property name="java.vm.compressedOopsMode" value="Zero based"/>
    <property name="line.separator" value="&#10;"/>
    <property name="java.vm.specification.vendor" value="Oracle Corporation"/>
    <property name="java.specification.name" value="Java Platform API Specification"/>
    <property name="FILE_LOG_CHARSET" value="UTF-8"/>
    <property name="java.awt.headless" value="true"/>
    <property name="surefire.real.class.path" value="/Users/gauthamsmacbook/Apps/Springboot Apps/patient-system/target/surefire/surefirebooter-20240708002700295_3.jar"/>
    <property name="sun.management.compiler" value="HotSpot 64-Bit Tiered Compilers"/>
    <property name="ftp.nonProxyHosts" value="local|*.local|169.254/16|*.169.254/16"/>
    <property name="java.runtime.version" value="17.0.9+11-LTS-201"/>
    <property name="user.name" value="gauthamsmacbook"/>
    <property name="path.separator" value=":"/>
    <property name="os.version" value="14.1.2"/>
    <property name="java.runtime.name" value="Java(TM) SE Runtime Environment"/>
    <property name="file.encoding" value="UTF-8"/>
    <property name="java.vm.name" value="Java HotSpot(TM) 64-Bit Server VM"/>
    <property name="localRepository" value="/Users/gauthamsmacbook/.m2/repository"/>
    <property name="java.vendor.url.bug" value="https://bugreport.java.com/bugreport/"/>
    <property name="java.io.tmpdir" value="/var/folders/jj/0qyq4l9j7rq4gc_0dkxyglpr0000gn/T/"/>
    <property name="java.version" value="17.0.9"/>
    <property name="user.dir" value="/Users/gauthamsmacbook/Apps/Springboot Apps/patient-system"/>
    <property name="os.arch" value="aarch64"/>
    <property name="java.vm.specification.name" value="Java Virtual Machine Specification"/>
    <property name="PID" value="44259"/>
    <property name="CONSOLE_LOG_CHARSET" value="UTF-8"/>
    <property name="native.encoding" value="UTF-8"/>
    <property name="java.library.path" value="/Users/gauthamsmacbook/Library/Java/Extensions:/Library/Java/Extensions:/Network/Library/Java/Extensions:/System/Library/Java/Extensions:/usr/lib/java:."/>
    <property name="java.vm.info" value="mixed mode, sharing"/>
    <property name="java.vendor" value="Oracle Corporation"/>
    <property name="java.vm.version" value="17.0.9+11-LTS-201"/>
    <property name="sun.io.unicode.encoding" value="UnicodeBig"/>
    <property name="socksNonProxyHosts" value="local|*.local|169.254/16|*.169.254/16"/>
    <property name="java.class.version" value="61.0"/>
    <property name="LOGGED_APPLICATION_NAME" value="[patient-system] "/>
  </properties>
  <testcase name="contextLoads" classname="com.gauthiii.health.patient_system.PatientSystemApplicationTests" time="0.402">
    <system-out><![CDATA[00:27:00.570 [main] INFO org.springframework.test.context.support.AnnotationConfigContextLoaderUtils -- Could not detect default configuration classes for test class [com.gauthiii.health.patient_system.PatientSystemApplicationTests]: PatientSystemApplicationTests does not declare any static, non-private, non-final, nested classes annotated with @Configuration.
00:27:00.612 [main] INFO org.springframework.boot.test.context.SpringBootTestContextBootstrapper -- Found @SpringBootConfiguration com.gauthiii.health.patient_system.PatientSystemApplication for test class com.gauthiii.health.patient_system.PatientSystemApplicationTests
00:27:00.667 [main] INFO org.springframework.boot.devtools.restart.RestartApplicationListener -- Restart disabled due to context in which it is running
  .   ____          _            __ _ _
 /\\ / ___'_ __ _ _(_)_ __  __ _ \ \ \ \
( ( )\___ | '_ | '_| | '_ \/ _` | \ \ \ \
 \\/  ___)| |_)| | | | | || (_| |  ) ) ) )
  '  |____| .__|_| |_|_| |_\__, | / / / /
 =========|_|==============|___/=/_/_/_/

 :: Spring Boot ::                (v3.3.0)

2024-07-08T00:27:00.750+05:30  INFO 44259 --- [patient-system] [           main] c.g.h.p.PatientSystemApplicationTests    : Starting PatientSystemApplicationTests using Java 17.0.9 with PID 44259 (started by gauthamsmacbook in /Users/gauthamsmacbook/Apps/Springboot Apps/patient-system)
2024-07-08T00:27:00.751+05:30  INFO 44259 --- [patient-system] [           main] c.g.h.p.PatientSystemApplicationTests    : No active profile set, falling back to 1 default profile: "default"
2024-07-08T00:27:01.034+05:30  INFO 44259 --- [patient-system] [           main] .s.d.r.c.RepositoryConfigurationDelegate : Bootstrapping Spring Data MongoDB repositories in DEFAULT mode.
2024-07-08T00:27:01.053+05:30  INFO 44259 --- [patient-system] [           main] .s.d.r.c.RepositoryConfigurationDelegate : Finished Spring Data repository scanning in 17 ms. Found 2 MongoDB repository interfaces.
2024-07-08T00:27:01.266+05:30  INFO 44259 --- [patient-system] [3yk.mongodb.net] org.mongodb.driver.cluster               : Adding discovered server ac-zate0qo-shard-00-02.eqcg3yk.mongodb.net:27017 to client view of cluster
2024-07-08T00:27:01.266+05:30  INFO 44259 --- [patient-system] [           main] org.mongodb.driver.client                : MongoClient with metadata {"application": {"name": "ckusterx"}, "driver": {"name": "mongo-java-driver|sync|spring-boot", "version": "5.0.1"}, "os": {"type": "Darwin", "name": "Mac OS X", "architecture": "aarch64", "version": "14.1.2"}, "platform": "Java/Oracle Corporation/17.0.9+11-LTS-201"} created with settings MongoClientSettings{readPreference=primary, writeConcern=WriteConcern{w=majority, wTimeout=null ms, journal=null}, retryWrites=true, retryReads=true, readConcern=ReadConcern{level=null}, credential=MongoCredential{mechanism=null, userName='gautham', source='admin', password=<hidden>, mechanismProperties=<hidden>}, transportSettings=null, commandListeners=[], codecRegistry=ProvidersCodecRegistry{codecProviders=[ValueCodecProvider{}, BsonValueCodecProvider{}, DBRefCodecProvider{}, DBObjectCodecProvider{}, DocumentCodecProvider{}, CollectionCodecProvider{}, IterableCodecProvider{}, MapCodecProvider{}, GeoJsonCodecProvider{}, GridFSFileCodecProvider{}, Jsr310CodecProvider{}, JsonObjectCodecProvider{}, BsonCodecProvider{}, EnumCodecProvider{}, com.mongodb.client.model.mql.ExpressionCodecProvider@45117dd, com.mongodb.Jep395RecordCodecProvider@7741771e, com.mongodb.KotlinCodecProvider@834e986]}, loggerSettings=LoggerSettings{maxDocumentLength=1000}, clusterSettings={hosts=[127.0.0.1:27017], srvHost=ckusterx.eqcg3yk.mongodb.net, srvServiceName=mongodb, mode=MULTIPLE, requiredClusterType=REPLICA_SET, requiredReplicaSetName='atlas-ig4x49-shard-0', serverSelector='null', clusterListeners='[]', serverSelectionTimeout='30000 ms', localThreshold='15 ms'}, socketSettings=SocketSettings{connectTimeoutMS=10000, readTimeoutMS=0, receiveBufferSize=0, proxySettings=ProxySettings{host=null, port=null, username=null, password=null}}, heartbeatSocketSettings=SocketSettings{connectTimeoutMS=10000, readTimeoutMS=10000, receiveBufferSize=0, proxySettings=ProxySettings{host=null, port=null, username=null, password=null}}, connectionPoolSettings=ConnectionPoolSettings{maxSize=100, minSize=0, maxWaitTimeMS=120000, maxConnectionLifeTimeMS=0, maxConnectionIdleTimeMS=0, maintenanceInitialDelayMS=0, maintenanceFrequencyMS=60000, connectionPoolListeners=[], maxConnecting=2}, serverSettings=ServerSettings{heartbeatFrequencyMS=10000, minHeartbeatFrequencyMS=500, serverListeners='[]', serverMonitorListeners='[]'}, sslSettings=SslSettings{enabled=true, invalidHostNameAllowed=false, context=null}, applicationName='ckusterx', compressorList=[], uuidRepresentation=JAVA_LEGACY, serverApi=null, autoEncryptionSettings=null, dnsClient=null, inetAddressResolver=null, contextProvider=null}
2024-07-08T00:27:01.274+05:30  INFO 44259 --- [patient-system] [3yk.mongodb.net] org.mongodb.driver.cluster               : Adding discovered server ac-zate0qo-shard-00-00.eqcg3yk.mongodb.net:27017 to client view of cluster
2024-07-08T00:27:01.275+05:30  INFO 44259 --- [patient-system] [3yk.mongodb.net] org.mongodb.driver.cluster               : Adding discovered server ac-zate0qo-shard-00-01.eqcg3yk.mongodb.net:27017 to client view of cluster
2024-07-08T00:27:01.461+05:30  INFO 44259 --- [patient-system] [           main] r$InitializeUserDetailsManagerConfigurer : Global AuthenticationManager configured with UserDetailsService bean with name inMemoryUserDetailsManager
2024-07-08T00:27:01.555+05:30  INFO 44259 --- [patient-system] [ngodb.net:27017] org.mongodb.driver.cluster               : Monitor thread successfully connected to server with description ServerDescription{address=ac-zate0qo-shard-00-00.eqcg3yk.mongodb.net:27017, type=REPLICA_SET_SECONDARY, state=CONNECTED, ok=true, minWireVersion=0, maxWireVersion=21, maxDocumentSize=16777216, logicalSessionTimeoutMinutes=30, roundTripTimeNanos=169063459, setName='atlas-ig4x49-shard-0', canonicalAddress=ac-zate0qo-shard-00-00.eqcg3yk.mongodb.net:27017, hosts=[ac-zate0qo-shard-00-02.eqcg3yk.mongodb.net:27017, ac-zate0qo-shard-00-01.eqcg3yk.mongodb.net:27017, ac-zate0qo-shard-00-00.eqcg3yk.mongodb.net:27017], passives=[], arbiters=[], primary='ac-zate0qo-shard-00-01.eqcg3yk.mongodb.net:27017', tagSet=TagSet{[Tag{name='availabilityZone', value='aps1-az1'}, Tag{name='diskState', value='READY'}, Tag{name='nodeType', value='ELECTABLE'}, Tag{name='provider', value='AWS'}, Tag{name='region', value='AP_SOUTH_1'}, Tag{name='workloadType', value='OPERATIONAL'}]}, electionId=null, setVersion=74, topologyVersion=TopologyVersion{processId=668a290f45b88be6c582f147, counter=5}, lastWriteDate=Mon Jul 08 00:27:01 IST 2024, lastUpdateTimeNanos=904628710821083}
2024-07-08T00:27:01.555+05:30  INFO 44259 --- [patient-system] [ngodb.net:27017] org.mongodb.driver.cluster               : Monitor thread successfully connected to server with description ServerDescription{address=ac-zate0qo-shard-00-01.eqcg3yk.mongodb.net:27017, type=REPLICA_SET_PRIMARY, state=CONNECTED, ok=true, minWireVersion=0, maxWireVersion=21, maxDocumentSize=16777216, logicalSessionTimeoutMinutes=30, roundTripTimeNanos=169077750, setName='atlas-ig4x49-shard-0', canonicalAddress=ac-zate0qo-shard-00-01.eqcg3yk.mongodb.net:27017, hosts=[ac-zate0qo-shard-00-02.eqcg3yk.mongodb.net:27017, ac-zate0qo-shard-00-01.eqcg3yk.mongodb.net:27017, ac-zate0qo-shard-00-00.eqcg3yk.mongodb.net:27017], passives=[], arbiters=[], primary='ac-zate0qo-shard-00-01.eqcg3yk.mongodb.net:27017', tagSet=TagSet{[Tag{name='availabilityZone', value='aps1-az3'}, Tag{name='diskState', value='READY'}, Tag{name='nodeType', value='ELECTABLE'}, Tag{name='provider', value='AWS'}, Tag{name='region', value='AP_SOUTH_1'}, Tag{name='workloadType', value='OPERATIONAL'}]}, electionId=7fffffff0000000000000056, setVersion=74, topologyVersion=TopologyVersion{processId=668a2803db35174e5be33992, counter=9}, lastWriteDate=Mon Jul 08 00:27:01 IST 2024, lastUpdateTimeNanos=904628710821083}
2024-07-08T00:27:01.555+05:30  INFO 44259 --- [patient-system] [ngodb.net:27017] org.mongodb.driver.cluster               : Monitor thread successfully connected to server with description ServerDescription{address=ac-zate0qo-shard-00-02.eqcg3yk.mongodb.net:27017, type=REPLICA_SET_SECONDARY, state=CONNECTED, ok=true, minWireVersion=0, maxWireVersion=21, maxDocumentSize=16777216, logicalSessionTimeoutMinutes=30, roundTripTimeNanos=169147541, setName='atlas-ig4x49-shard-0', canonicalAddress=ac-zate0qo-shard-00-02.eqcg3yk.mongodb.net:27017, hosts=[ac-zate0qo-shard-00-02.eqcg3yk.mongodb.net:27017, ac-zate0qo-shard-00-01.eqcg3yk.mongodb.net:27017, ac-zate0qo-shard-00-00.eqcg3yk.mongodb.net:27017], passives=[], arbiters=[], primary='ac-zate0qo-shard-00-01.eqcg3yk.mongodb.net:27017', tagSet=TagSet{[Tag{name='availabilityZone', value='aps1-az2'}, Tag{name='diskState', value='READY'}, Tag{name='nodeType', value='ELECTABLE'}, Tag{name='provider', value='AWS'}, Tag{name='region', value='AP_SOUTH_1'}, Tag{name='workloadType', value='OPERATIONAL'}]}, electionId=null, setVersion=74, topologyVersion=TopologyVersion{processId=668a2a3753c0ed72ac911174, counter=5}, lastWriteDate=Mon Jul 08 00:27:01 IST 2024, lastUpdateTimeNanos=904628710901583}
2024-07-08T00:27:01.557+05:30  INFO 44259 --- [patient-system] [ngodb.net:27017] org.mongodb.driver.cluster               : Discovered replica set primary ac-zate0qo-shard-00-01.eqcg3yk.mongodb.net:27017 with max election id 7fffffff0000000000000056 and max set version 74
2024-07-08T00:27:01.586+05:30  INFO 44259 --- [patient-system] [           main] o.s.s.web.DefaultSecurityFilterChain     : Will secure any request with [org.springframework.security.web.session.DisableEncodeUrlFilter@65753724, org.springframework.security.web.context.request.async.WebAsyncManagerIntegrationFilter@2bc16fe2, org.springframework.security.web.context.SecurityContextHolderFilter@1182413a, org.springframework.security.web.header.HeaderWriterFilter@67e77f52, org.springframework.web.filter.CorsFilter@d66502, org.springframework.security.web.authentication.logout.LogoutFilter@1a7163e3, org.springframework.security.web.authentication.www.BasicAuthenticationFilter@e881e46, org.springframework.security.web.savedrequest.RequestCacheAwareFilter@5b14f482, org.springframework.security.web.servletapi.SecurityContextHolderAwareRequestFilter@6b9697ae, org.springframework.security.web.authentication.AnonymousAuthenticationFilter@78545d40, org.springframework.security.web.access.ExceptionTranslationFilter@524f5ea5, org.springframework.security.web.access.intercept.AuthorizationFilter@23f5008a]
2024-07-08T00:27:01.714+05:30  INFO 44259 --- [patient-system] [           main] c.g.h.p.PatientSystemApplicationTests    : Started PatientSystemApplicationTests in 1.052 seconds (process running for 1.369)
]]></system-out>
  </testcase>
</testsuite>